{"D:\\A_Self_Proj\\learn_nodejs_microservice_jay\\nodejs_microservice_jay\\proj_1\\order_service\\src\\repository\\cart.repository.ts": {"path":"D:\\A_Self_Proj\\learn_nodejs_microservice_jay\\nodejs_microservice_jay\\proj_1\\order_service\\src\\repository\\cart.repository.ts","all":false,"statementMap":{"0":{"start":{"line":1,"column":0},"end":{"line":1,"column":67}},"1":{"start":{"line":2,"column":0},"end":{"line":2,"column":0}},"2":{"start":{"line":3,"column":0},"end":{"line":3,"column":55}},"3":{"start":{"line":4,"column":0},"end":{"line":4,"column":19}},"4":{"start":{"line":5,"column":0},"end":{"line":5,"column":27}},"5":{"start":{"line":6,"column":0},"end":{"line":6,"column":28}},"6":{"start":{"line":7,"column":0},"end":{"line":7,"column":55}},"7":{"start":{"line":8,"column":0},"end":{"line":8,"column":14}},"8":{"start":{"line":9,"column":0},"end":{"line":9,"column":7}},"9":{"start":{"line":10,"column":0},"end":{"line":10,"column":1}},"10":{"start":{"line":11,"column":0},"end":{"line":11,"column":0}},"11":{"start":{"line":12,"column":0},"end":{"line":12,"column":53}},"12":{"start":{"line":13,"column":0},"end":{"line":13,"column":31}},"13":{"start":{"line":14,"column":0},"end":{"line":14,"column":1}},"14":{"start":{"line":15,"column":0},"end":{"line":15,"column":0}},"15":{"start":{"line":16,"column":0},"end":{"line":16,"column":55}},"16":{"start":{"line":17,"column":0},"end":{"line":17,"column":31}},"17":{"start":{"line":18,"column":0},"end":{"line":18,"column":1}},"18":{"start":{"line":19,"column":0},"end":{"line":19,"column":0}},"19":{"start":{"line":20,"column":0},"end":{"line":20,"column":55}},"20":{"start":{"line":21,"column":0},"end":{"line":21,"column":31}},"21":{"start":{"line":22,"column":0},"end":{"line":22,"column":1}},"22":{"start":{"line":23,"column":0},"end":{"line":23,"column":0}},"23":{"start":{"line":24,"column":0},"end":{"line":24,"column":46}},"24":{"start":{"line":25,"column":0},"end":{"line":25,"column":31}},"25":{"start":{"line":26,"column":0},"end":{"line":26,"column":1}},"26":{"start":{"line":27,"column":0},"end":{"line":27,"column":0}},"27":{"start":{"line":28,"column":0},"end":{"line":28,"column":51}},"28":{"start":{"line":29,"column":0},"end":{"line":29,"column":23}},"29":{"start":{"line":30,"column":0},"end":{"line":30,"column":19}},"30":{"start":{"line":31,"column":0},"end":{"line":31,"column":23}},"31":{"start":{"line":32,"column":0},"end":{"line":32,"column":23}},"32":{"start":{"line":33,"column":0},"end":{"line":33,"column":25}},"33":{"start":{"line":34,"column":0},"end":{"line":34,"column":1}}},"s":{"0":1,"1":1,"2":1,"3":0,"4":0,"5":0,"6":0,"7":0,"8":0,"9":0,"10":1,"11":1,"12":0,"13":0,"14":1,"15":1,"16":0,"17":0,"18":1,"19":1,"20":0,"21":0,"22":1,"23":1,"24":0,"25":0,"26":1,"27":1,"28":1,"29":1,"30":1,"31":1,"32":1,"33":1},"branchMap":{},"b":{},"fnMap":{"0":{"name":"createCart","decl":{"start":{"line":3,"column":19},"end":{"line":10,"column":1}},"loc":{"start":{"line":3,"column":19},"end":{"line":10,"column":1}},"line":3},"1":{"name":"findCart","decl":{"start":{"line":12,"column":17},"end":{"line":14,"column":1}},"loc":{"start":{"line":12,"column":17},"end":{"line":14,"column":1}},"line":12},"2":{"name":"updateCart","decl":{"start":{"line":16,"column":19},"end":{"line":18,"column":1}},"loc":{"start":{"line":16,"column":19},"end":{"line":18,"column":1}},"line":16},"3":{"name":"deleteCart","decl":{"start":{"line":20,"column":19},"end":{"line":22,"column":1}},"loc":{"start":{"line":20,"column":19},"end":{"line":22,"column":1}},"line":20},"4":{"name":"findAllCart","decl":{"start":{"line":24,"column":20},"end":{"line":26,"column":1}},"loc":{"start":{"line":24,"column":20},"end":{"line":26,"column":1}},"line":24}},"f":{"0":0,"1":0,"2":0,"3":0,"4":0}}
,"D:\\A_Self_Proj\\learn_nodejs_microservice_jay\\nodejs_microservice_jay\\proj_1\\order_service\\src\\service\\cart.service.ts": {"path":"D:\\A_Self_Proj\\learn_nodejs_microservice_jay\\nodejs_microservice_jay\\proj_1\\order_service\\src\\service\\cart.service.ts","all":false,"statementMap":{"0":{"start":{"line":1,"column":0},"end":{"line":1,"column":67}},"1":{"start":{"line":2,"column":0},"end":{"line":2,"column":0}},"2":{"start":{"line":3,"column":0},"end":{"line":3,"column":75}},"3":{"start":{"line":4,"column":0},"end":{"line":4,"column":42}},"4":{"start":{"line":5,"column":0},"end":{"line":5,"column":26}},"5":{"start":{"line":6,"column":0},"end":{"line":6,"column":2}},"6":{"start":{"line":7,"column":0},"end":{"line":7,"column":0}},"7":{"start":{"line":8,"column":0},"end":{"line":8,"column":75}},"8":{"start":{"line":9,"column":0},"end":{"line":9,"column":42}},"9":{"start":{"line":10,"column":0},"end":{"line":10,"column":26}},"10":{"start":{"line":11,"column":0},"end":{"line":11,"column":2}},"11":{"start":{"line":12,"column":0},"end":{"line":12,"column":0}},"12":{"start":{"line":13,"column":0},"end":{"line":13,"column":75}},"13":{"start":{"line":14,"column":0},"end":{"line":14,"column":42}},"14":{"start":{"line":15,"column":0},"end":{"line":15,"column":26}},"15":{"start":{"line":16,"column":0},"end":{"line":16,"column":2}},"16":{"start":{"line":17,"column":0},"end":{"line":17,"column":0}},"17":{"start":{"line":18,"column":0},"end":{"line":18,"column":72}},"18":{"start":{"line":19,"column":0},"end":{"line":19,"column":40}},"19":{"start":{"line":20,"column":0},"end":{"line":20,"column":26}},"20":{"start":{"line":21,"column":0},"end":{"line":21,"column":2}},"21":{"start":{"line":22,"column":0},"end":{"line":22,"column":0}},"22":{"start":{"line":23,"column":0},"end":{"line":23,"column":63}},"23":{"start":{"line":24,"column":0},"end":{"line":24,"column":38}},"24":{"start":{"line":25,"column":0},"end":{"line":25,"column":26}},"25":{"start":{"line":26,"column":0},"end":{"line":26,"column":2}}},"s":{"0":1,"1":1,"2":1,"3":1,"4":1,"5":1,"6":1,"7":1,"8":0,"9":0,"10":0,"11":1,"12":1,"13":0,"14":0,"15":0,"16":1,"17":1,"18":0,"19":0,"20":0,"21":1,"22":1,"23":0,"24":0,"25":0},"branchMap":{"0":{"type":"branch","line":3,"loc":{"start":{"line":3,"column":26},"end":{"line":6,"column":2}},"locations":[{"start":{"line":3,"column":26},"end":{"line":6,"column":2}}]}},"b":{"0":[1]},"fnMap":{"0":{"name":"CreateCart","decl":{"start":{"line":3,"column":26},"end":{"line":6,"column":2}},"loc":{"start":{"line":3,"column":26},"end":{"line":6,"column":2}},"line":3},"1":{"name":"DeleteCart","decl":{"start":{"line":8,"column":26},"end":{"line":11,"column":2}},"loc":{"start":{"line":8,"column":26},"end":{"line":11,"column":2}},"line":8},"2":{"name":"UpdateCart","decl":{"start":{"line":13,"column":26},"end":{"line":16,"column":2}},"loc":{"start":{"line":13,"column":26},"end":{"line":16,"column":2}},"line":13},"3":{"name":"GetCart","decl":{"start":{"line":18,"column":23},"end":{"line":21,"column":2}},"loc":{"start":{"line":18,"column":23},"end":{"line":21,"column":2}},"line":18},"4":{"name":"GetAllCart","decl":{"start":{"line":23,"column":26},"end":{"line":26,"column":2}},"loc":{"start":{"line":23,"column":26},"end":{"line":26,"column":2}},"line":23}},"f":{"0":1,"1":0,"2":0,"3":0,"4":0}}
}
